2023-07-20T15:40:35+00:00 CRITICAL Uncaught WC_Data_Exception: Invalid billing email address in /var/www/html/wp-content/plugins/woocommerce/includes/abstracts/abstract-wc-data.php:880
Stack trace:
#0 /var/www/html/wp-content/plugins/woocommerce/includes/class-wc-customer.php(1026): WC_Data->error('customer_invali...', 'Invalid billing...')
#1 /var/www/html/wp-content/plugins/woocommerce/includes/data-stores/class-wc-customer-data-store-session.php(114): WC_Customer->set_billing_email('info@localhost')
#2 /var/www/html/wp-content/plugins/woocommerce/includes/class-wc-data-store.php(159): WC_Customer_Data_Store_Session->read(Object(WC_Customer))
#3 /var/www/html/wp-content/plugins/woocommerce/includes/class-wc-customer.php(125): WC_Data_Store->read(Object(WC_Customer))
#4 /var/www/html/wp-content/plugins/woocommerce/includes/class-woocommerce.php(840): WC_Customer->__construct(1, true)
#5 /var/www/html/wp-content/plugins/woocommerce/includes/wc-core-functions.php(2553): WooCommerce->initialize_cart()
#6 /var/www/html/wp-content/plugins/woocommerce/includes/class-woocommerce.php(659): wc_load_cart()
#7 /var/www/html/wp-includes/class-wp-hook.php(308): WooCommerce->init('')
#8 /var/www/html/wp-includes/class-wp-hook.php(332): WP_Hook->apply_filters(NULL, Array)
#9 /var/www/html/wp-includes/plugin.php(517): WP_Hook->do_action(Array)
#10 /var/www/html/wp-settings.php(623): do_action('init')
#11 /var/www/html/wp-config.php(134): require_once('/var/www/html/w...')
#12 /var/www/html/wp-load.php(50): require_once('/var/www/html/w...')
#13 /var/www/html/wp-login.php(12): require('/var/www/html/w...')
#14 {main}
  thrown in /var/www/html/wp-content/plugins/woocommerce/includes/abstracts/abstract-wc-data.php on line 880

2023-07-20T15:41:33+00:00 CRITICAL Uncaught WC_Data_Exception: Invalid billing email address in /var/www/html/wp-content/plugins/woocommerce/includes/abstracts/abstract-wc-data.php:880
Stack trace:
#0 /var/www/html/wp-content/plugins/woocommerce/includes/class-wc-customer.php(1026): WC_Data->error('customer_invali...', 'Invalid billing...')
#1 /var/www/html/wp-content/plugins/woocommerce/includes/data-stores/class-wc-customer-data-store-session.php(114): WC_Customer->set_billing_email('info@localhost')
#2 /var/www/html/wp-content/plugins/woocommerce/includes/class-wc-data-store.php(159): WC_Customer_Data_Store_Session->read(Object(WC_Customer))
#3 /var/www/html/wp-content/plugins/woocommerce/includes/class-wc-customer.php(125): WC_Data_Store->read(Object(WC_Customer))
#4 /var/www/html/wp-content/plugins/woocommerce/includes/class-woocommerce.php(840): WC_Customer->__construct(1, true)
#5 /var/www/html/wp-content/plugins/woocommerce/includes/wc-core-functions.php(2553): WooCommerce->initialize_cart()
#6 /var/www/html/wp-content/plugins/woocommerce/includes/class-woocommerce.php(659): wc_load_cart()
#7 /var/www/html/wp-includes/class-wp-hook.php(308): WooCommerce->init('')
#8 /var/www/html/wp-includes/class-wp-hook.php(332): WP_Hook->apply_filters(NULL, Array)
#9 /var/www/html/wp-includes/plugin.php(517): WP_Hook->do_action(Array)
#10 /var/www/html/wp-settings.php(623): do_action('init')
#11 /var/www/html/wp-config.php(134): require_once('/var/www/html/w...')
#12 /var/www/html/wp-load.php(50): require_once('/var/www/html/w...')
#13 /var/www/html/wp-blog-header.php(13): require_once('/var/www/html/w...')
#14 /var/www/html/index.php(17): require('/var/www/html/w...')
#15 {main}
  thrown in /var/www/html/wp-content/plugins/woocommerce/includes/abstracts/abstract-wc-data.php on line 880

2023-07-20T15:52:24+00:00 CRITICAL Uncaught WC_Data_Exception: Invalid billing email address in /var/www/html/wp-content/plugins/woocommerce/includes/abstracts/abstract-wc-data.php:880
Stack trace:
#0 /var/www/html/wp-content/plugins/woocommerce/includes/class-wc-customer.php(1026): WC_Data->error('customer_invali...', 'Invalid billing...')
#1 /var/www/html/wp-content/plugins/woocommerce/includes/data-stores/class-wc-customer-data-store-session.php(114): WC_Customer->set_billing_email('info@localhost')
#2 /var/www/html/wp-content/plugins/woocommerce/includes/class-wc-data-store.php(159): WC_Customer_Data_Store_Session->read(Object(WC_Customer))
#3 /var/www/html/wp-content/plugins/woocommerce/includes/class-wc-customer.php(125): WC_Data_Store->read(Object(WC_Customer))
#4 /var/www/html/wp-content/plugins/woocommerce/includes/class-woocommerce.php(840): WC_Customer->__construct(1, true)
#5 /var/www/html/wp-content/plugins/woocommerce/includes/wc-core-functions.php(2553): WooCommerce->initialize_cart()
#6 /var/www/html/wp-content/plugins/woocommerce/includes/class-woocommerce.php(659): wc_load_cart()
#7 /var/www/html/wp-includes/class-wp-hook.php(308): WooCommerce->init('')
#8 /var/www/html/wp-includes/class-wp-hook.php(332): WP_Hook->apply_filters(NULL, Array)
#9 /var/www/html/wp-includes/plugin.php(517): WP_Hook->do_action(Array)
#10 /var/www/html/wp-settings.php(623): do_action('init')
#11 /var/www/html/wp-config.php(134): require_once('/var/www/html/w...')
#12 /var/www/html/wp-load.php(50): require_once('/var/www/html/w...')
#13 /var/www/html/wp-login.php(12): require('/var/www/html/w...')
#14 {main}
  thrown in /var/www/html/wp-content/plugins/woocommerce/includes/abstracts/abstract-wc-data.php on line 880

2023-07-20T15:57:36+00:00 CRITICAL Uncaught WC_Data_Exception: Invalid billing email address in /var/www/html/wp-content/plugins/woocommerce/includes/abstracts/abstract-wc-data.php:880
Stack trace:
#0 /var/www/html/wp-content/plugins/woocommerce/includes/class-wc-customer.php(1026): WC_Data->error('customer_invali...', 'Invalid billing...')
#1 /var/www/html/wp-content/plugins/woocommerce/includes/data-stores/class-wc-customer-data-store-session.php(114): WC_Customer->set_billing_email('info@localhost')
#2 /var/www/html/wp-content/plugins/woocommerce/includes/class-wc-data-store.php(159): WC_Customer_Data_Store_Session->read(Object(WC_Customer))
#3 /var/www/html/wp-content/plugins/woocommerce/includes/class-wc-customer.php(125): WC_Data_Store->read(Object(WC_Customer))
#4 /var/www/html/wp-content/plugins/woocommerce/includes/class-woocommerce.php(840): WC_Customer->__construct(1, true)
#5 /var/www/html/wp-content/plugins/woocommerce/includes/wc-core-functions.php(2553): WooCommerce->initialize_cart()
#6 /var/www/html/wp-content/plugins/woocommerce/includes/class-woocommerce.php(659): wc_load_cart()
#7 /var/www/html/wp-includes/class-wp-hook.php(308): WooCommerce->init('')
#8 /var/www/html/wp-includes/class-wp-hook.php(332): WP_Hook->apply_filters(NULL, Array)
#9 /var/www/html/wp-includes/plugin.php(517): WP_Hook->do_action(Array)
#10 /var/www/html/wp-settings.php(623): do_action('init')
#11 /var/www/html/wp-config.php(134): require_once('/var/www/html/w...')
#12 /var/www/html/wp-load.php(50): require_once('/var/www/html/w...')
#13 /var/www/html/wp-blog-header.php(13): require_once('/var/www/html/w...')
#14 /var/www/html/index.php(17): require('/var/www/html/w...')
#15 {main}
  thrown in /var/www/html/wp-content/plugins/woocommerce/includes/abstracts/abstract-wc-data.php on line 880

2023-07-20T15:57:57+00:00 CRITICAL Uncaught WC_Data_Exception: Invalid billing email address in /var/www/html/wp-content/plugins/woocommerce/includes/abstracts/abstract-wc-data.php:880
Stack trace:
#0 /var/www/html/wp-content/plugins/woocommerce/includes/class-wc-customer.php(1026): WC_Data->error('customer_invali...', 'Invalid billing...')
#1 /var/www/html/wp-content/plugins/woocommerce/includes/data-stores/class-wc-customer-data-store-session.php(114): WC_Customer->set_billing_email('info@localhost')
#2 /var/www/html/wp-content/plugins/woocommerce/includes/class-wc-data-store.php(159): WC_Customer_Data_Store_Session->read(Object(WC_Customer))
#3 /var/www/html/wp-content/plugins/woocommerce/includes/class-wc-customer.php(125): WC_Data_Store->read(Object(WC_Customer))
#4 /var/www/html/wp-content/plugins/woocommerce/includes/class-woocommerce.php(840): WC_Customer->__construct(1, true)
#5 /var/www/html/wp-content/plugins/woocommerce/includes/wc-core-functions.php(2553): WooCommerce->initialize_cart()
#6 /var/www/html/wp-content/plugins/woocommerce/includes/class-woocommerce.php(659): wc_load_cart()
#7 /var/www/html/wp-includes/class-wp-hook.php(308): WooCommerce->init('')
#8 /var/www/html/wp-includes/class-wp-hook.php(332): WP_Hook->apply_filters(NULL, Array)
#9 /var/www/html/wp-includes/plugin.php(517): WP_Hook->do_action(Array)
#10 /var/www/html/wp-settings.php(623): do_action('init')
#11 /var/www/html/wp-config.php(134): require_once('/var/www/html/w...')
#12 /var/www/html/wp-load.php(50): require_once('/var/www/html/w...')
#13 /var/www/html/wp-admin/admin-ajax.php(22): require_once('/var/www/html/w...')
#14 {main}
  thrown in /var/www/html/wp-content/plugins/woocommerce/includes/abstracts/abstract-wc-data.php on line 880

2023-07-20T15:59:47+00:00 CRITICAL Uncaught WC_Data_Exception: Invalid billing email address in /var/www/html/wp-content/plugins/woocommerce/includes/abstracts/abstract-wc-data.php:880
Stack trace:
#0 /var/www/html/wp-content/plugins/woocommerce/includes/class-wc-customer.php(1026): WC_Data->error('customer_invali...', 'Invalid billing...')
#1 /var/www/html/wp-content/plugins/woocommerce/includes/data-stores/class-wc-customer-data-store-session.php(114): WC_Customer->set_billing_email('info@localhost')
#2 /var/www/html/wp-content/plugins/woocommerce/includes/class-wc-data-store.php(159): WC_Customer_Data_Store_Session->read(Object(WC_Customer))
#3 /var/www/html/wp-content/plugins/woocommerce/includes/class-wc-customer.php(125): WC_Data_Store->read(Object(WC_Customer))
#4 /var/www/html/wp-content/plugins/woocommerce/includes/class-woocommerce.php(840): WC_Customer->__construct(1, true)
#5 /var/www/html/wp-content/plugins/woocommerce/includes/wc-core-functions.php(2553): WooCommerce->initialize_cart()
#6 /var/www/html/wp-content/plugins/woocommerce/includes/class-woocommerce.php(659): wc_load_cart()
#7 /var/www/html/wp-includes/class-wp-hook.php(308): WooCommerce->init('')
#8 /var/www/html/wp-includes/class-wp-hook.php(332): WP_Hook->apply_filters(NULL, Array)
#9 /var/www/html/wp-includes/plugin.php(517): WP_Hook->do_action(Array)
#10 /var/www/html/wp-settings.php(623): do_action('init')
#11 /var/www/html/wp-config.php(134): require_once('/var/www/html/w...')
#12 /var/www/html/wp-load.php(50): require_once('/var/www/html/w...')
#13 /var/www/html/wp-admin/admin-ajax.php(22): require_once('/var/www/html/w...')
#14 {main}
  thrown in /var/www/html/wp-content/plugins/woocommerce/includes/abstracts/abstract-wc-data.php on line 880

2023-07-20T15:59:47+00:00 CRITICAL Uncaught WC_Data_Exception: Invalid billing email address in /var/www/html/wp-content/plugins/woocommerce/includes/abstracts/abstract-wc-data.php:880
Stack trace:
#0 /var/www/html/wp-content/plugins/woocommerce/includes/class-wc-customer.php(1026): WC_Data->error('customer_invali...', 'Invalid billing...')
#1 /var/www/html/wp-content/plugins/woocommerce/includes/data-stores/class-wc-customer-data-store-session.php(114): WC_Customer->set_billing_email('info@localhost')
#2 /var/www/html/wp-content/plugins/woocommerce/includes/class-wc-data-store.php(159): WC_Customer_Data_Store_Session->read(Object(WC_Customer))
#3 /var/www/html/wp-content/plugins/woocommerce/includes/class-wc-customer.php(125): WC_Data_Store->read(Object(WC_Customer))
#4 /var/www/html/wp-content/plugins/woocommerce/includes/class-woocommerce.php(840): WC_Customer->__construct(1, true)
#5 /var/www/html/wp-content/plugins/woocommerce/includes/wc-core-functions.php(2553): WooCommerce->initialize_cart()
#6 /var/www/html/wp-content/plugins/woocommerce/includes/class-woocommerce.php(659): wc_load_cart()
#7 /var/www/html/wp-includes/class-wp-hook.php(308): WooCommerce->init('')
#8 /var/www/html/wp-includes/class-wp-hook.php(332): WP_Hook->apply_filters(NULL, Array)
#9 /var/www/html/wp-includes/plugin.php(517): WP_Hook->do_action(Array)
#10 /var/www/html/wp-settings.php(623): do_action('init')
#11 /var/www/html/wp-config.php(134): require_once('/var/www/html/w...')
#12 /var/www/html/wp-load.php(50): require_once('/var/www/html/w...')
#13 /var/www/html/wp-admin/admin-ajax.php(22): require_once('/var/www/html/w...')
#14 {main}
  thrown in /var/www/html/wp-content/plugins/woocommerce/includes/abstracts/abstract-wc-data.php on line 880

2023-07-20T20:29:33+00:00 CRITICAL Uncaught WC_Data_Exception: Invalid billing email address in /var/www/html/wp-content/plugins/woocommerce/includes/abstracts/abstract-wc-data.php:880
Stack trace:
#0 /var/www/html/wp-content/plugins/woocommerce/includes/class-wc-customer.php(1026): WC_Data->error('customer_invali...', 'Invalid billing...')
#1 /var/www/html/wp-content/plugins/woocommerce/includes/data-stores/class-wc-customer-data-store-session.php(114): WC_Customer->set_billing_email('info@localhost')
#2 /var/www/html/wp-content/plugins/woocommerce/includes/class-wc-data-store.php(159): WC_Customer_Data_Store_Session->read(Object(WC_Customer))
#3 /var/www/html/wp-content/plugins/woocommerce/includes/class-wc-customer.php(125): WC_Data_Store->read(Object(WC_Customer))
#4 /var/www/html/wp-content/plugins/woocommerce/includes/class-woocommerce.php(840): WC_Customer->__construct(1, true)
#5 /var/www/html/wp-content/plugins/woocommerce/includes/wc-core-functions.php(2553): WooCommerce->initialize_cart()
#6 /var/www/html/wp-content/plugins/woocommerce/includes/class-woocommerce.php(659): wc_load_cart()
#7 /var/www/html/wp-includes/class-wp-hook.php(308): WooCommerce->init('')
#8 /var/www/html/wp-includes/class-wp-hook.php(332): WP_Hook->apply_filters(NULL, Array)
#9 /var/www/html/wp-includes/plugin.php(517): WP_Hook->do_action(Array)
#10 /var/www/html/wp-settings.php(623): do_action('init')
#11 /var/www/html/wp-config.php(134): require_once('/var/www/html/w...')
#12 /var/www/html/wp-load.php(50): require_once('/var/www/html/w...')
#13 /var/www/html/wp-admin/admin-ajax.php(22): require_once('/var/www/html/w...')
#14 {main}
  thrown in /var/www/html/wp-content/plugins/woocommerce/includes/abstracts/abstract-wc-data.php on line 880

2023-07-20T20:29:39+00:00 CRITICAL Uncaught WC_Data_Exception: Invalid billing email address in /var/www/html/wp-content/plugins/woocommerce/includes/abstracts/abstract-wc-data.php:880
Stack trace:
#0 /var/www/html/wp-content/plugins/woocommerce/includes/class-wc-customer.php(1026): WC_Data->error('customer_invali...', 'Invalid billing...')
#1 /var/www/html/wp-content/plugins/woocommerce/includes/data-stores/class-wc-customer-data-store-session.php(114): WC_Customer->set_billing_email('info@localhost')
#2 /var/www/html/wp-content/plugins/woocommerce/includes/class-wc-data-store.php(159): WC_Customer_Data_Store_Session->read(Object(WC_Customer))
#3 /var/www/html/wp-content/plugins/woocommerce/includes/class-wc-customer.php(125): WC_Data_Store->read(Object(WC_Customer))
#4 /var/www/html/wp-content/plugins/woocommerce/includes/class-woocommerce.php(840): WC_Customer->__construct(1, true)
#5 /var/www/html/wp-content/plugins/woocommerce/includes/wc-core-functions.php(2553): WooCommerce->initialize_cart()
#6 /var/www/html/wp-content/plugins/woocommerce/includes/class-woocommerce.php(659): wc_load_cart()
#7 /var/www/html/wp-includes/class-wp-hook.php(308): WooCommerce->init('')
#8 /var/www/html/wp-includes/class-wp-hook.php(332): WP_Hook->apply_filters(NULL, Array)
#9 /var/www/html/wp-includes/plugin.php(517): WP_Hook->do_action(Array)
#10 /var/www/html/wp-settings.php(623): do_action('init')
#11 /var/www/html/wp-config.php(134): require_once('/var/www/html/w...')
#12 /var/www/html/wp-load.php(50): require_once('/var/www/html/w...')
#13 /var/www/html/wp-admin/admin-ajax.php(22): require_once('/var/www/html/w...')
#14 {main}
  thrown in /var/www/html/wp-content/plugins/woocommerce/includes/abstracts/abstract-wc-data.php on line 880

2023-07-20T20:29:53+00:00 CRITICAL Uncaught WC_Data_Exception: Invalid billing email address in /var/www/html/wp-content/plugins/woocommerce/includes/abstracts/abstract-wc-data.php:880
Stack trace:
#0 /var/www/html/wp-content/plugins/woocommerce/includes/class-wc-customer.php(1026): WC_Data->error('customer_invali...', 'Invalid billing...')
#1 /var/www/html/wp-content/plugins/woocommerce/includes/data-stores/class-wc-customer-data-store-session.php(114): WC_Customer->set_billing_email('info@localhost')
#2 /var/www/html/wp-content/plugins/woocommerce/includes/class-wc-data-store.php(159): WC_Customer_Data_Store_Session->read(Object(WC_Customer))
#3 /var/www/html/wp-content/plugins/woocommerce/includes/class-wc-customer.php(125): WC_Data_Store->read(Object(WC_Customer))
#4 /var/www/html/wp-content/plugins/woocommerce/includes/class-woocommerce.php(840): WC_Customer->__construct(1, true)
#5 /var/www/html/wp-content/plugins/woocommerce/includes/wc-core-functions.php(2553): WooCommerce->initialize_cart()
#6 /var/www/html/wp-content/plugins/woocommerce/includes/class-woocommerce.php(659): wc_load_cart()
#7 /var/www/html/wp-includes/class-wp-hook.php(308): WooCommerce->init('')
#8 /var/www/html/wp-includes/class-wp-hook.php(332): WP_Hook->apply_filters(NULL, Array)
#9 /var/www/html/wp-includes/plugin.php(517): WP_Hook->do_action(Array)
#10 /var/www/html/wp-settings.php(623): do_action('init')
#11 /var/www/html/wp-config.php(134): require_once('/var/www/html/w...')
#12 /var/www/html/wp-load.php(50): require_once('/var/www/html/w...')
#13 /var/www/html/wp-blog-header.php(13): require_once('/var/www/html/w...')
#14 /var/www/html/index.php(17): require('/var/www/html/w...')
#15 {main}
  thrown in /var/www/html/wp-content/plugins/woocommerce/includes/abstracts/abstract-wc-data.php on line 880

2023-07-20T20:30:27+00:00 CRITICAL Uncaught WC_Data_Exception: Invalid billing email address in /var/www/html/wp-content/plugins/woocommerce/includes/abstracts/abstract-wc-data.php:880
Stack trace:
#0 /var/www/html/wp-content/plugins/woocommerce/includes/class-wc-customer.php(1026): WC_Data->error('customer_invali...', 'Invalid billing...')
#1 /var/www/html/wp-content/plugins/woocommerce/includes/data-stores/class-wc-customer-data-store-session.php(114): WC_Customer->set_billing_email('info@localhost')
#2 /var/www/html/wp-content/plugins/woocommerce/includes/class-wc-data-store.php(159): WC_Customer_Data_Store_Session->read(Object(WC_Customer))
#3 /var/www/html/wp-content/plugins/woocommerce/includes/class-wc-customer.php(125): WC_Data_Store->read(Object(WC_Customer))
#4 /var/www/html/wp-content/plugins/woocommerce/includes/class-woocommerce.php(840): WC_Customer->__construct(1, true)
#5 /var/www/html/wp-content/plugins/woocommerce/includes/wc-core-functions.php(2553): WooCommerce->initialize_cart()
#6 /var/www/html/wp-content/plugins/woocommerce/includes/class-woocommerce.php(659): wc_load_cart()
#7 /var/www/html/wp-includes/class-wp-hook.php(308): WooCommerce->init('')
#8 /var/www/html/wp-includes/class-wp-hook.php(332): WP_Hook->apply_filters(NULL, Array)
#9 /var/www/html/wp-includes/plugin.php(517): WP_Hook->do_action(Array)
#10 /var/www/html/wp-settings.php(623): do_action('init')
#11 /var/www/html/wp-config.php(134): require_once('/var/www/html/w...')
#12 /var/www/html/wp-load.php(50): require_once('/var/www/html/w...')
#13 /var/www/html/wp-admin/admin-ajax.php(22): require_once('/var/www/html/w...')
#14 {main}
  thrown in /var/www/html/wp-content/plugins/woocommerce/includes/abstracts/abstract-wc-data.php on line 880

2023-07-20T20:30:30+00:00 CRITICAL Uncaught WC_Data_Exception: Invalid billing email address in /var/www/html/wp-content/plugins/woocommerce/includes/abstracts/abstract-wc-data.php:880
Stack trace:
#0 /var/www/html/wp-content/plugins/woocommerce/includes/class-wc-customer.php(1026): WC_Data->error('customer_invali...', 'Invalid billing...')
#1 /var/www/html/wp-content/plugins/woocommerce/includes/data-stores/class-wc-customer-data-store-session.php(114): WC_Customer->set_billing_email('info@localhost')
#2 /var/www/html/wp-content/plugins/woocommerce/includes/class-wc-data-store.php(159): WC_Customer_Data_Store_Session->read(Object(WC_Customer))
#3 /var/www/html/wp-content/plugins/woocommerce/includes/class-wc-customer.php(125): WC_Data_Store->read(Object(WC_Customer))
#4 /var/www/html/wp-content/plugins/woocommerce/includes/class-woocommerce.php(840): WC_Customer->__construct(1, true)
#5 /var/www/html/wp-content/plugins/woocommerce/includes/wc-core-functions.php(2553): WooCommerce->initialize_cart()
#6 /var/www/html/wp-content/plugins/woocommerce/includes/class-woocommerce.php(659): wc_load_cart()
#7 /var/www/html/wp-includes/class-wp-hook.php(308): WooCommerce->init('')
#8 /var/www/html/wp-includes/class-wp-hook.php(332): WP_Hook->apply_filters(NULL, Array)
#9 /var/www/html/wp-includes/plugin.php(517): WP_Hook->do_action(Array)
#10 /var/www/html/wp-settings.php(623): do_action('init')
#11 /var/www/html/wp-config.php(134): require_once('/var/www/html/w...')
#12 /var/www/html/wp-load.php(50): require_once('/var/www/html/w...')
#13 /var/www/html/wp-login.php(12): require('/var/www/html/w...')
#14 {main}
  thrown in /var/www/html/wp-content/plugins/woocommerce/includes/abstracts/abstract-wc-data.php on line 880

2023-07-20T20:32:26+00:00 CRITICAL Uncaught WC_Data_Exception: Invalid billing email address in /var/www/html/wp-content/plugins/woocommerce/includes/abstracts/abstract-wc-data.php:880
Stack trace:
#0 /var/www/html/wp-content/plugins/woocommerce/includes/class-wc-customer.php(1026): WC_Data->error('customer_invali...', 'Invalid billing...')
#1 /var/www/html/wp-content/plugins/woocommerce/includes/data-stores/class-wc-customer-data-store-session.php(114): WC_Customer->set_billing_email('info@localhost')
#2 /var/www/html/wp-content/plugins/woocommerce/includes/class-wc-data-store.php(159): WC_Customer_Data_Store_Session->read(Object(WC_Customer))
#3 /var/www/html/wp-content/plugins/woocommerce/includes/class-wc-customer.php(125): WC_Data_Store->read(Object(WC_Customer))
#4 /var/www/html/wp-content/plugins/woocommerce/includes/class-woocommerce.php(840): WC_Customer->__construct(1, true)
#5 /var/www/html/wp-content/plugins/woocommerce/includes/wc-core-functions.php(2553): WooCommerce->initialize_cart()
#6 /var/www/html/wp-content/plugins/woocommerce/includes/class-woocommerce.php(659): wc_load_cart()
#7 /var/www/html/wp-includes/class-wp-hook.php(308): WooCommerce->init('')
#8 /var/www/html/wp-includes/class-wp-hook.php(332): WP_Hook->apply_filters(NULL, Array)
#9 /var/www/html/wp-includes/plugin.php(517): WP_Hook->do_action(Array)
#10 /var/www/html/wp-settings.php(623): do_action('init')
#11 /var/www/html/wp-config.php(134): require_once('/var/www/html/w...')
#12 /var/www/html/wp-load.php(50): require_once('/var/www/html/w...')
#13 /var/www/html/wp-admin/admin-ajax.php(22): require_once('/var/www/html/w...')
#14 {main}
  thrown in /var/www/html/wp-content/plugins/woocommerce/includes/abstracts/abstract-wc-data.php on line 880

2023-07-20T20:32:26+00:00 CRITICAL Uncaught WC_Data_Exception: Invalid billing email address in /var/www/html/wp-content/plugins/woocommerce/includes/abstracts/abstract-wc-data.php:880
Stack trace:
#0 /var/www/html/wp-content/plugins/woocommerce/includes/class-wc-customer.php(1026): WC_Data->error('customer_invali...', 'Invalid billing...')
#1 /var/www/html/wp-content/plugins/woocommerce/includes/data-stores/class-wc-customer-data-store-session.php(114): WC_Customer->set_billing_email('info@localhost')
#2 /var/www/html/wp-content/plugins/woocommerce/includes/class-wc-data-store.php(159): WC_Customer_Data_Store_Session->read(Object(WC_Customer))
#3 /var/www/html/wp-content/plugins/woocommerce/includes/class-wc-customer.php(125): WC_Data_Store->read(Object(WC_Customer))
#4 /var/www/html/wp-content/plugins/woocommerce/includes/class-woocommerce.php(840): WC_Customer->__construct(1, true)
#5 /var/www/html/wp-content/plugins/woocommerce/includes/wc-core-functions.php(2553): WooCommerce->initialize_cart()
#6 /var/www/html/wp-content/plugins/woocommerce/includes/class-woocommerce.php(659): wc_load_cart()
#7 /var/www/html/wp-includes/class-wp-hook.php(308): WooCommerce->init('')
#8 /var/www/html/wp-includes/class-wp-hook.php(332): WP_Hook->apply_filters(NULL, Array)
#9 /var/www/html/wp-includes/plugin.php(517): WP_Hook->do_action(Array)
#10 /var/www/html/wp-settings.php(623): do_action('init')
#11 /var/www/html/wp-config.php(134): require_once('/var/www/html/w...')
#12 /var/www/html/wp-load.php(50): require_once('/var/www/html/w...')
#13 /var/www/html/wp-admin/admin-ajax.php(22): require_once('/var/www/html/w...')
#14 {main}
  thrown in /var/www/html/wp-content/plugins/woocommerce/includes/abstracts/abstract-wc-data.php on line 880

2023-07-20T20:33:45+00:00 CRITICAL Uncaught WC_Data_Exception: Invalid billing email address in /var/www/html/wp-content/plugins/woocommerce/includes/abstracts/abstract-wc-data.php:880
Stack trace:
#0 /var/www/html/wp-content/plugins/woocommerce/includes/class-wc-customer.php(1026): WC_Data->error('customer_invali...', 'Invalid billing...')
#1 /var/www/html/wp-content/plugins/woocommerce/includes/data-stores/class-wc-customer-data-store-session.php(114): WC_Customer->set_billing_email('info@localhost')
#2 /var/www/html/wp-content/plugins/woocommerce/includes/class-wc-data-store.php(159): WC_Customer_Data_Store_Session->read(Object(WC_Customer))
#3 /var/www/html/wp-content/plugins/woocommerce/includes/class-wc-customer.php(125): WC_Data_Store->read(Object(WC_Customer))
#4 /var/www/html/wp-content/plugins/woocommerce/includes/class-woocommerce.php(840): WC_Customer->__construct(1, true)
#5 /var/www/html/wp-content/plugins/woocommerce/includes/wc-core-functions.php(2553): WooCommerce->initialize_cart()
#6 /var/www/html/wp-content/plugins/woocommerce/includes/class-woocommerce.php(659): wc_load_cart()
#7 /var/www/html/wp-includes/class-wp-hook.php(308): WooCommerce->init('')
#8 /var/www/html/wp-includes/class-wp-hook.php(332): WP_Hook->apply_filters(NULL, Array)
#9 /var/www/html/wp-includes/plugin.php(517): WP_Hook->do_action(Array)
#10 /var/www/html/wp-settings.php(623): do_action('init')
#11 /var/www/html/wp-config.php(134): require_once('/var/www/html/w...')
#12 /var/www/html/wp-load.php(50): require_once('/var/www/html/w...')
#13 /var/www/html/wp-admin/admin-ajax.php(22): require_once('/var/www/html/w...')
#14 {main}
  thrown in /var/www/html/wp-content/plugins/woocommerce/includes/abstracts/abstract-wc-data.php on line 880

2023-07-20T20:33:58+00:00 CRITICAL Uncaught WC_Data_Exception: Invalid billing email address in /var/www/html/wp-content/plugins/woocommerce/includes/abstracts/abstract-wc-data.php:880
Stack trace:
#0 /var/www/html/wp-content/plugins/woocommerce/includes/class-wc-customer.php(1026): WC_Data->error('customer_invali...', 'Invalid billing...')
#1 /var/www/html/wp-content/plugins/woocommerce/includes/data-stores/class-wc-customer-data-store-session.php(114): WC_Customer->set_billing_email('info@localhost')
#2 /var/www/html/wp-content/plugins/woocommerce/includes/class-wc-data-store.php(159): WC_Customer_Data_Store_Session->read(Object(WC_Customer))
#3 /var/www/html/wp-content/plugins/woocommerce/includes/class-wc-customer.php(125): WC_Data_Store->read(Object(WC_Customer))
#4 /var/www/html/wp-content/plugins/woocommerce/includes/class-woocommerce.php(840): WC_Customer->__construct(1, true)
#5 /var/www/html/wp-content/plugins/woocommerce/includes/wc-core-functions.php(2553): WooCommerce->initialize_cart()
#6 /var/www/html/wp-content/plugins/woocommerce/includes/class-woocommerce.php(659): wc_load_cart()
#7 /var/www/html/wp-includes/class-wp-hook.php(308): WooCommerce->init('')
#8 /var/www/html/wp-includes/class-wp-hook.php(332): WP_Hook->apply_filters(NULL, Array)
#9 /var/www/html/wp-includes/plugin.php(517): WP_Hook->do_action(Array)
#10 /var/www/html/wp-settings.php(623): do_action('init')
#11 /var/www/html/wp-config.php(134): require_once('/var/www/html/w...')
#12 /var/www/html/wp-load.php(50): require_once('/var/www/html/w...')
#13 /var/www/html/wp-blog-header.php(13): require_once('/var/www/html/w...')
#14 /var/www/html/index.php(17): require('/var/www/html/w...')
#15 {main}
  thrown in /var/www/html/wp-content/plugins/woocommerce/includes/abstracts/abstract-wc-data.php on line 880

2023-07-20T20:34:32+00:00 CRITICAL Uncaught WC_Data_Exception: Invalid billing email address in /var/www/html/wp-content/plugins/woocommerce/includes/abstracts/abstract-wc-data.php:880
Stack trace:
#0 /var/www/html/wp-content/plugins/woocommerce/includes/class-wc-customer.php(1026): WC_Data->error('customer_invali...', 'Invalid billing...')
#1 /var/www/html/wp-content/plugins/woocommerce/includes/data-stores/class-wc-customer-data-store-session.php(114): WC_Customer->set_billing_email('info@localhost')
#2 /var/www/html/wp-content/plugins/woocommerce/includes/class-wc-data-store.php(159): WC_Customer_Data_Store_Session->read(Object(WC_Customer))
#3 /var/www/html/wp-content/plugins/woocommerce/includes/class-wc-customer.php(125): WC_Data_Store->read(Object(WC_Customer))
#4 /var/www/html/wp-content/plugins/woocommerce/includes/class-woocommerce.php(840): WC_Customer->__construct(1, true)
#5 /var/www/html/wp-content/plugins/woocommerce/includes/wc-core-functions.php(2553): WooCommerce->initialize_cart()
#6 /var/www/html/wp-content/plugins/woocommerce/includes/class-woocommerce.php(659): wc_load_cart()
#7 /var/www/html/wp-includes/class-wp-hook.php(308): WooCommerce->init('')
#8 /var/www/html/wp-includes/class-wp-hook.php(332): WP_Hook->apply_filters(NULL, Array)
#9 /var/www/html/wp-includes/plugin.php(517): WP_Hook->do_action(Array)
#10 /var/www/html/wp-settings.php(623): do_action('init')
#11 /var/www/html/wp-config.php(134): require_once('/var/www/html/w...')
#12 /var/www/html/wp-load.php(50): require_once('/var/www/html/w...')
#13 /var/www/html/wp-admin/admin-ajax.php(22): require_once('/var/www/html/w...')
#14 {main}
  thrown in /var/www/html/wp-content/plugins/woocommerce/includes/abstracts/abstract-wc-data.php on line 880

2023-07-20T20:34:47+00:00 CRITICAL Uncaught WC_Data_Exception: Invalid billing email address in /var/www/html/wp-content/plugins/woocommerce/includes/abstracts/abstract-wc-data.php:880
Stack trace:
#0 /var/www/html/wp-content/plugins/woocommerce/includes/class-wc-customer.php(1026): WC_Data->error('customer_invali...', 'Invalid billing...')
#1 /var/www/html/wp-content/plugins/woocommerce/includes/data-stores/class-wc-customer-data-store-session.php(114): WC_Customer->set_billing_email('info@localhost')
#2 /var/www/html/wp-content/plugins/woocommerce/includes/class-wc-data-store.php(159): WC_Customer_Data_Store_Session->read(Object(WC_Customer))
#3 /var/www/html/wp-content/plugins/woocommerce/includes/class-wc-customer.php(125): WC_Data_Store->read(Object(WC_Customer))
#4 /var/www/html/wp-content/plugins/woocommerce/includes/class-woocommerce.php(840): WC_Customer->__construct(1, true)
#5 /var/www/html/wp-content/plugins/woocommerce/includes/wc-core-functions.php(2553): WooCommerce->initialize_cart()
#6 /var/www/html/wp-content/plugins/woocommerce/includes/class-woocommerce.php(659): wc_load_cart()
#7 /var/www/html/wp-includes/class-wp-hook.php(308): WooCommerce->init('')
#8 /var/www/html/wp-includes/class-wp-hook.php(332): WP_Hook->apply_filters(NULL, Array)
#9 /var/www/html/wp-includes/plugin.php(517): WP_Hook->do_action(Array)
#10 /var/www/html/wp-settings.php(623): do_action('init')
#11 /var/www/html/wp-config.php(134): require_once('/var/www/html/w...')
#12 /var/www/html/wp-load.php(50): require_once('/var/www/html/w...')
#13 /var/www/html/wp-blog-header.php(13): require_once('/var/www/html/w...')
#14 /var/www/html/index.php(17): require('/var/www/html/w...')
#15 {main}
  thrown in /var/www/html/wp-content/plugins/woocommerce/includes/abstracts/abstract-wc-data.php on line 880

